{"/Users/yigong/Downloads/hw5/src/LandingView/data.js": {"path":"/Users/yigong/Downloads/hw5/src/LandingView/data.js","statementMap":{"0":{"start":{"line":2,"column":14},"end":{"line":2,"column":43}},"1":{"start":{"line":4,"column":2},"end":{"line":11,"column":3}},"2":{"start":{"line":5,"column":21},"end":{"line":5,"column":78}},"3":{"start":{"line":6,"column":16},"end":{"line":6,"column":37}},"4":{"start":{"line":7,"column":4},"end":{"line":7,"column":33}},"5":{"start":{"line":8,"column":17},"end":{"line":8,"column":32}},"6":{"start":{"line":9,"column":4},"end":{"line":9,"column":40}},"7":{"start":{"line":10,"column":4},"end":{"line":10,"column":42}},"8":{"start":{"line":12,"column":2},"end":{"line":12,"column":27}},"9":{"start":{"line":16,"column":2},"end":{"line":16,"column":55}},"10":{"start":{"line":20,"column":14},"end":{"line":20,"column":31}},"11":{"start":{"line":21,"column":12},"end":{"line":21,"column":30}},"12":{"start":{"line":22,"column":2},"end":{"line":27,"column":3}},"13":{"start":{"line":22,"column":15},"end":{"line":22,"column":16}},"14":{"start":{"line":23,"column":15},"end":{"line":23,"column":23}},"15":{"start":{"line":24,"column":4},"end":{"line":26,"column":5}},"16":{"start":{"line":25,"column":6},"end":{"line":25,"column":18}},"17":{"start":{"line":28,"column":2},"end":{"line":28,"column":15}},"18":{"start":{"line":32,"column":14},"end":{"line":32,"column":31}},"19":{"start":{"line":33,"column":12},"end":{"line":33,"column":30}},"20":{"start":{"line":34,"column":2},"end":{"line":43,"column":3}},"21":{"start":{"line":34,"column":15},"end":{"line":34,"column":16}},"22":{"start":{"line":35,"column":15},"end":{"line":35,"column":23}},"23":{"start":{"line":36,"column":4},"end":{"line":42,"column":5}},"24":{"start":{"line":37,"column":6},"end":{"line":37,"column":51}},"25":{"start":{"line":38,"column":6},"end":{"line":38,"column":63}},"26":{"start":{"line":39,"column":6},"end":{"line":39,"column":68}},"27":{"start":{"line":40,"column":6},"end":{"line":40,"column":49}},"28":{"start":{"line":41,"column":6},"end":{"line":41,"column":18}},"29":{"start":{"line":44,"column":2},"end":{"line":44,"column":47}},"30":{"start":{"line":45,"column":2},"end":{"line":45,"column":45}},"31":{"start":{"line":46,"column":2},"end":{"line":46,"column":15}},"32":{"start":{"line":50,"column":14},"end":{"line":50,"column":31}},"33":{"start":{"line":51,"column":12},"end":{"line":51,"column":30}},"34":{"start":{"line":52,"column":2},"end":{"line":54,"column":3}},"35":{"start":{"line":53,"column":4},"end":{"line":53,"column":17}},"36":{"start":{"line":55,"column":2},"end":{"line":55,"column":20}},"37":{"start":{"line":56,"column":2},"end":{"line":56,"column":21}},"38":{"start":{"line":57,"column":2},"end":{"line":57,"column":14}}},"fnMap":{"0":{"name":"loadUsers","decl":{"start":{"line":1,"column":15},"end":{"line":1,"column":24}},"loc":{"start":{"line":1,"column":27},"end":{"line":13,"column":1}},"line":1},"1":{"name":"updateUsers","decl":{"start":{"line":15,"column":9},"end":{"line":15,"column":20}},"loc":{"start":{"line":15,"column":28},"end":{"line":17,"column":1}},"line":15},"2":{"name":"isUserExisting","decl":{"start":{"line":19,"column":22},"end":{"line":19,"column":36}},"loc":{"start":{"line":19,"column":47},"end":{"line":29,"column":1}},"line":19},"3":{"name":"login","decl":{"start":{"line":31,"column":22},"end":{"line":31,"column":27}},"loc":{"start":{"line":31,"column":42},"end":{"line":47,"column":1}},"line":31},"4":{"name":"addUser","decl":{"start":{"line":49,"column":22},"end":{"line":49,"column":29}},"loc":{"start":{"line":49,"column":36},"end":{"line":58,"column":1}},"line":49}},"branchMap":{"0":{"loc":{"start":{"line":4,"column":2},"end":{"line":11,"column":3}},"type":"if","locations":[{"start":{"line":4,"column":2},"end":{"line":11,"column":3}},{"start":{},"end":{}}],"line":4},"1":{"loc":{"start":{"line":24,"column":4},"end":{"line":26,"column":5}},"type":"if","locations":[{"start":{"line":24,"column":4},"end":{"line":26,"column":5}},{"start":{},"end":{}}],"line":24},"2":{"loc":{"start":{"line":36,"column":4},"end":{"line":42,"column":5}},"type":"if","locations":[{"start":{"line":36,"column":4},"end":{"line":42,"column":5}},{"start":{},"end":{}}],"line":36},"3":{"loc":{"start":{"line":36,"column":8},"end":{"line":36,"column":62}},"type":"binary-expr","locations":[{"start":{"line":36,"column":8},"end":{"line":36,"column":33}},{"start":{"line":36,"column":37},"end":{"line":36,"column":62}}],"line":36},"4":{"loc":{"start":{"line":52,"column":2},"end":{"line":54,"column":3}},"type":"if","locations":[{"start":{"line":52,"column":2},"end":{"line":54,"column":3}},{"start":{},"end":{}}],"line":52}},"s":{"0":10,"1":10,"2":1,"3":1,"4":1,"5":1,"6":1,"7":1,"8":10,"9":1,"10":4,"11":4,"12":4,"13":4,"14":22,"15":22,"16":2,"17":2,"18":4,"19":4,"20":4,"21":4,"22":24,"23":24,"24":2,"25":2,"26":2,"27":2,"28":2,"29":2,"30":2,"31":2,"32":2,"33":2,"34":2,"35":1,"36":1,"37":1,"38":1},"f":{"0":10,"1":1,"2":4,"3":4,"4":2},"b":{"0":[1,9],"1":[2,20],"2":[2,22],"3":[24,6],"4":[1,1]},"_coverageSchema":"1a1c01bbd47fc00a2c39e90264f33305004495a9","hash":"ef43dc839013ef8ac49aceee7fc53029de55b1e6"}
,"/Users/yigong/Downloads/hw5/src/MainView/mainServer.js": {"path":"/Users/yigong/Downloads/hw5/src/MainView/mainServer.js","statementMap":{"0":{"start":{"line":2,"column":15},"end":{"line":2,"column":45}},"1":{"start":{"line":4,"column":2},"end":{"line":9,"column":3}},"2":{"start":{"line":5,"column":21},"end":{"line":5,"column":79}},"3":{"start":{"line":6,"column":17},"end":{"line":6,"column":38}},"4":{"start":{"line":7,"column":4},"end":{"line":7,"column":36}},"5":{"start":{"line":8,"column":4},"end":{"line":8,"column":43}},"6":{"start":{"line":10,"column":2},"end":{"line":10,"column":28}},"7":{"start":{"line":14,"column":15},"end":{"line":14,"column":33}},"8":{"start":{"line":15,"column":2},"end":{"line":20,"column":3}},"9":{"start":{"line":15,"column":15},"end":{"line":15,"column":16}},"10":{"start":{"line":16,"column":16},"end":{"line":16,"column":25}},"11":{"start":{"line":17,"column":4},"end":{"line":19,"column":5}},"12":{"start":{"line":18,"column":6},"end":{"line":18,"column":23}},"13":{"start":{"line":21,"column":2},"end":{"line":21,"column":50}},"14":{"start":{"line":25,"column":14},"end":{"line":25,"column":43}},"15":{"start":{"line":26,"column":2},"end":{"line":31,"column":3}},"16":{"start":{"line":27,"column":21},"end":{"line":27,"column":78}},"17":{"start":{"line":28,"column":16},"end":{"line":28,"column":37}},"18":{"start":{"line":29,"column":4},"end":{"line":29,"column":34}},"19":{"start":{"line":30,"column":4},"end":{"line":30,"column":41}},"20":{"start":{"line":32,"column":2},"end":{"line":32,"column":27}},"21":{"start":{"line":36,"column":14},"end":{"line":36,"column":31}},"22":{"start":{"line":37,"column":21},"end":{"line":37,"column":23}},"23":{"start":{"line":39,"column":2},"end":{"line":44,"column":3}},"24":{"start":{"line":39,"column":15},"end":{"line":39,"column":16}},"25":{"start":{"line":40,"column":15},"end":{"line":40,"column":23}},"26":{"start":{"line":41,"column":4},"end":{"line":43,"column":5}},"27":{"start":{"line":42,"column":6},"end":{"line":42,"column":47}},"28":{"start":{"line":45,"column":2},"end":{"line":45,"column":22}},"29":{"start":{"line":49,"column":2},"end":{"line":49,"column":47}},"30":{"start":{"line":53,"column":14},"end":{"line":53,"column":63}},"31":{"start":{"line":54,"column":2},"end":{"line":54,"column":46}},"32":{"start":{"line":55,"column":21},"end":{"line":55,"column":23}},"33":{"start":{"line":56,"column":2},"end":{"line":61,"column":3}},"34":{"start":{"line":56,"column":15},"end":{"line":56,"column":16}},"35":{"start":{"line":57,"column":15},"end":{"line":57,"column":23}},"36":{"start":{"line":58,"column":4},"end":{"line":60,"column":5}},"37":{"start":{"line":59,"column":6},"end":{"line":59,"column":47}},"38":{"start":{"line":62,"column":2},"end":{"line":62,"column":70}},"39":{"start":{"line":66,"column":14},"end":{"line":66,"column":55}},"40":{"start":{"line":67,"column":15},"end":{"line":67,"column":57}},"41":{"start":{"line":68,"column":2},"end":{"line":68,"column":46}},"42":{"start":{"line":70,"column":2},"end":{"line":92,"column":3}},"43":{"start":{"line":70,"column":15},"end":{"line":70,"column":16}},"44":{"start":{"line":71,"column":15},"end":{"line":71,"column":23}},"45":{"start":{"line":72,"column":4},"end":{"line":91,"column":5}},"46":{"start":{"line":73,"column":16},"end":{"line":73,"column":18}},"47":{"start":{"line":74,"column":6},"end":{"line":78,"column":7}},"48":{"start":{"line":74,"column":19},"end":{"line":74,"column":20}},"49":{"start":{"line":75,"column":20},"end":{"line":75,"column":29}},"50":{"start":{"line":76,"column":8},"end":{"line":76,"column":24}},"51":{"start":{"line":77,"column":8},"end":{"line":77,"column":14}},"52":{"start":{"line":79,"column":16},"end":{"line":84,"column":7}},"53":{"start":{"line":85,"column":27},"end":{"line":85,"column":45}},"54":{"start":{"line":86,"column":22},"end":{"line":86,"column":52}},"55":{"start":{"line":87,"column":27},"end":{"line":87,"column":76}},"56":{"start":{"line":88,"column":6},"end":{"line":88,"column":57}},"57":{"start":{"line":89,"column":6},"end":{"line":89,"column":76}},"58":{"start":{"line":90,"column":6},"end":{"line":90,"column":28}},"59":{"start":{"line":93,"column":2},"end":{"line":93,"column":24}},"60":{"start":{"line":94,"column":2},"end":{"line":94,"column":19}},"61":{"start":{"line":99,"column":14},"end":{"line":99,"column":55}},"62":{"start":{"line":100,"column":15},"end":{"line":100,"column":57}},"63":{"start":{"line":102,"column":2},"end":{"line":102,"column":21}},"64":{"start":{"line":103,"column":2},"end":{"line":121,"column":3}},"65":{"start":{"line":103,"column":15},"end":{"line":103,"column":16}},"66":{"start":{"line":104,"column":15},"end":{"line":104,"column":23}},"67":{"start":{"line":105,"column":4},"end":{"line":120,"column":5}},"68":{"start":{"line":106,"column":16},"end":{"line":106,"column":18}},"69":{"start":{"line":107,"column":6},"end":{"line":111,"column":7}},"70":{"start":{"line":107,"column":19},"end":{"line":107,"column":20}},"71":{"start":{"line":108,"column":20},"end":{"line":108,"column":29}},"72":{"start":{"line":109,"column":8},"end":{"line":109,"column":24}},"73":{"start":{"line":110,"column":8},"end":{"line":110,"column":14}},"74":{"start":{"line":112,"column":16},"end":{"line":117,"column":7}},"75":{"start":{"line":118,"column":27},"end":{"line":118,"column":45}},"76":{"start":{"line":119,"column":6},"end":{"line":119,"column":28}},"77":{"start":{"line":122,"column":2},"end":{"line":122,"column":24}},"78":{"start":{"line":123,"column":2},"end":{"line":123,"column":19}},"79":{"start":{"line":127,"column":2},"end":{"line":132,"column":3}},"80":{"start":{"line":127,"column":15},"end":{"line":127,"column":16}},"81":{"start":{"line":128,"column":4},"end":{"line":131,"column":5}},"82":{"start":{"line":129,"column":6},"end":{"line":129,"column":27}},"83":{"start":{"line":130,"column":6},"end":{"line":130,"column":12}},"84":{"start":{"line":134,"column":2},"end":{"line":134,"column":47}},"85":{"start":{"line":135,"column":14},"end":{"line":135,"column":63}},"86":{"start":{"line":136,"column":18},"end":{"line":136,"column":20}},"87":{"start":{"line":137,"column":2},"end":{"line":142,"column":3}},"88":{"start":{"line":137,"column":15},"end":{"line":137,"column":16}},"89":{"start":{"line":138,"column":15},"end":{"line":138,"column":23}},"90":{"start":{"line":139,"column":4},"end":{"line":141,"column":5}},"91":{"start":{"line":140,"column":6},"end":{"line":140,"column":41}},"92":{"start":{"line":143,"column":2},"end":{"line":143,"column":67}},"93":{"start":{"line":144,"column":2},"end":{"line":144,"column":17}}},"fnMap":{"0":{"name":"loadPhotos","decl":{"start":{"line":1,"column":15},"end":{"line":1,"column":25}},"loc":{"start":{"line":1,"column":28},"end":{"line":11,"column":1}},"line":1},"1":{"name":"getPhoto","decl":{"start":{"line":13,"column":22},"end":{"line":13,"column":30}},"loc":{"start":{"line":13,"column":39},"end":{"line":22,"column":1}},"line":13},"2":{"name":"loadPosts","decl":{"start":{"line":24,"column":15},"end":{"line":24,"column":24}},"loc":{"start":{"line":24,"column":27},"end":{"line":33,"column":1}},"line":24},"3":{"name":"loadPostsByUser","decl":{"start":{"line":35,"column":22},"end":{"line":35,"column":37}},"loc":{"start":{"line":35,"column":46},"end":{"line":46,"column":1}},"line":35},"4":{"name":"logOut","decl":{"start":{"line":48,"column":16},"end":{"line":48,"column":22}},"loc":{"start":{"line":48,"column":25},"end":{"line":50,"column":1}},"line":48},"5":{"name":"searchPost","decl":{"start":{"line":52,"column":16},"end":{"line":52,"column":26}},"loc":{"start":{"line":52,"column":36},"end":{"line":63,"column":1}},"line":52},"6":{"name":"followUser","decl":{"start":{"line":65,"column":22},"end":{"line":65,"column":32}},"loc":{"start":{"line":65,"column":55},"end":{"line":95,"column":1}},"line":65},"7":{"name":"initializeFriendList","decl":{"start":{"line":98,"column":22},"end":{"line":98,"column":42}},"loc":{"start":{"line":98,"column":63},"end":{"line":124,"column":1}},"line":98},"8":{"name":"unfolloUser","decl":{"start":{"line":126,"column":16},"end":{"line":126,"column":27}},"loc":{"start":{"line":126,"column":41},"end":{"line":145,"column":1}},"line":126}},"branchMap":{"0":{"loc":{"start":{"line":4,"column":2},"end":{"line":9,"column":3}},"type":"if","locations":[{"start":{"line":4,"column":2},"end":{"line":9,"column":3}},{"start":{},"end":{}}],"line":4},"1":{"loc":{"start":{"line":17,"column":4},"end":{"line":19,"column":5}},"type":"if","locations":[{"start":{"line":17,"column":4},"end":{"line":19,"column":5}},{"start":{},"end":{}}],"line":17},"2":{"loc":{"start":{"line":26,"column":2},"end":{"line":31,"column":3}},"type":"if","locations":[{"start":{"line":26,"column":2},"end":{"line":31,"column":3}},{"start":{},"end":{}}],"line":26},"3":{"loc":{"start":{"line":41,"column":4},"end":{"line":43,"column":5}},"type":"if","locations":[{"start":{"line":41,"column":4},"end":{"line":43,"column":5}},{"start":{},"end":{}}],"line":41},"4":{"loc":{"start":{"line":58,"column":4},"end":{"line":60,"column":5}},"type":"if","locations":[{"start":{"line":58,"column":4},"end":{"line":60,"column":5}},{"start":{},"end":{}}],"line":58},"5":{"loc":{"start":{"line":58,"column":8},"end":{"line":58,"column":75}},"type":"binary-expr","locations":[{"start":{"line":58,"column":8},"end":{"line":58,"column":39}},{"start":{"line":58,"column":43},"end":{"line":58,"column":75}}],"line":58},"6":{"loc":{"start":{"line":72,"column":4},"end":{"line":91,"column":5}},"type":"if","locations":[{"start":{"line":72,"column":4},"end":{"line":91,"column":5}},{"start":{},"end":{}}],"line":72},"7":{"loc":{"start":{"line":105,"column":4},"end":{"line":120,"column":5}},"type":"if","locations":[{"start":{"line":105,"column":4},"end":{"line":120,"column":5}},{"start":{},"end":{}}],"line":105},"8":{"loc":{"start":{"line":128,"column":4},"end":{"line":131,"column":5}},"type":"if","locations":[{"start":{"line":128,"column":4},"end":{"line":131,"column":5}},{"start":{},"end":{}}],"line":128},"9":{"loc":{"start":{"line":139,"column":4},"end":{"line":141,"column":5}},"type":"if","locations":[{"start":{"line":139,"column":4},"end":{"line":141,"column":5}},{"start":{},"end":{}}],"line":139}},"s":{"0":2,"1":2,"2":1,"3":1,"4":1,"5":1,"6":2,"7":2,"8":2,"9":2,"10":5002,"11":5002,"12":1,"13":1,"14":6,"15":6,"16":1,"17":1,"18":1,"19":1,"20":6,"21":6,"22":6,"23":6,"24":6,"25":600,"26":600,"27":60,"28":6,"29":1,"30":1,"31":1,"32":1,"33":1,"34":1,"35":10,"36":10,"37":9,"38":1,"39":2,"40":2,"41":2,"42":2,"43":2,"44":5,"45":5,"46":2,"47":2,"48":2,"49":2,"50":2,"51":2,"52":2,"53":2,"54":2,"55":2,"56":2,"57":2,"58":2,"59":0,"60":0,"61":0,"62":0,"63":0,"64":0,"65":0,"66":0,"67":0,"68":0,"69":0,"70":0,"71":0,"72":0,"73":0,"74":0,"75":0,"76":0,"77":0,"78":0,"79":1,"80":1,"81":2,"82":1,"83":1,"84":1,"85":1,"86":1,"87":1,"88":1,"89":10,"90":10,"91":10,"92":1,"93":1},"f":{"0":2,"1":2,"2":6,"3":6,"4":1,"5":1,"6":2,"7":0,"8":1},"b":{"0":[1,1],"1":[1,5001],"2":[1,5],"3":[60,540],"4":[9,1],"5":[10,4],"6":[2,3],"7":[0,0],"8":[1,1],"9":[10,0]},"_coverageSchema":"1a1c01bbd47fc00a2c39e90264f33305004495a9","hash":"a4c065c7e52bfea88b6cd881e9417562217097fd"}
}
