TN:
SF:src/LandingView/data.js
FN:1,loadUsers
FN:15,updateUsers
FN:19,isUserExisting
FN:31,login
FN:49,addUser
FNF:5
FNH:5
FNDA:10,loadUsers
FNDA:1,updateUsers
FNDA:4,isUserExisting
FNDA:4,login
FNDA:2,addUser
DA:2,10
DA:4,10
DA:5,1
DA:6,1
DA:7,1
DA:8,1
DA:9,1
DA:10,1
DA:12,10
DA:16,1
DA:20,4
DA:21,4
DA:22,4
DA:23,22
DA:24,22
DA:25,2
DA:28,2
DA:32,4
DA:33,4
DA:34,4
DA:35,24
DA:36,24
DA:37,2
DA:38,2
DA:39,2
DA:40,2
DA:41,2
DA:44,2
DA:45,2
DA:46,2
DA:50,2
DA:51,2
DA:52,2
DA:53,1
DA:55,1
DA:56,1
DA:57,1
LF:37
LH:37
BRDA:4,0,0,1
BRDA:4,0,1,9
BRDA:24,1,0,2
BRDA:24,1,1,20
BRDA:36,2,0,2
BRDA:36,2,1,22
BRDA:36,3,0,24
BRDA:36,3,1,6
BRDA:52,4,0,1
BRDA:52,4,1,1
BRF:10
BRH:10
end_of_record
TN:
SF:src/MainView/mainServer.js
FN:1,loadPhotos
FN:13,getPhoto
FN:24,loadPosts
FN:35,loadPostsByUser
FN:48,logOut
FN:52,searchPost
FN:65,followUser
FN:98,initializeFriendList
FN:126,unfolloUser
FNF:9
FNH:8
FNDA:2,loadPhotos
FNDA:2,getPhoto
FNDA:6,loadPosts
FNDA:6,loadPostsByUser
FNDA:1,logOut
FNDA:1,searchPost
FNDA:2,followUser
FNDA:0,initializeFriendList
FNDA:1,unfolloUser
DA:2,2
DA:4,2
DA:5,1
DA:6,1
DA:7,1
DA:8,1
DA:10,2
DA:14,2
DA:15,2
DA:16,5002
DA:17,5002
DA:18,1
DA:21,1
DA:25,6
DA:26,6
DA:27,1
DA:28,1
DA:29,1
DA:30,1
DA:32,6
DA:36,6
DA:37,6
DA:39,6
DA:40,600
DA:41,600
DA:42,60
DA:45,6
DA:49,1
DA:53,1
DA:54,1
DA:55,1
DA:56,1
DA:57,10
DA:58,10
DA:59,9
DA:62,1
DA:66,2
DA:67,2
DA:68,2
DA:70,2
DA:71,5
DA:72,5
DA:73,2
DA:74,2
DA:75,2
DA:76,2
DA:77,2
DA:79,2
DA:85,2
DA:86,2
DA:87,2
DA:88,2
DA:89,2
DA:90,2
DA:93,0
DA:94,0
DA:99,0
DA:100,0
DA:102,0
DA:103,0
DA:104,0
DA:105,0
DA:106,0
DA:107,0
DA:108,0
DA:109,0
DA:110,0
DA:112,0
DA:118,0
DA:119,0
DA:122,0
DA:123,0
DA:127,1
DA:128,2
DA:129,1
DA:130,1
DA:134,1
DA:135,1
DA:136,1
DA:137,1
DA:138,10
DA:139,10
DA:140,10
DA:143,1
DA:144,1
LF:85
LH:67
BRDA:4,0,0,1
BRDA:4,0,1,1
BRDA:17,1,0,1
BRDA:17,1,1,5001
BRDA:26,2,0,1
BRDA:26,2,1,5
BRDA:41,3,0,60
BRDA:41,3,1,540
BRDA:58,4,0,9
BRDA:58,4,1,1
BRDA:58,5,0,10
BRDA:58,5,1,4
BRDA:72,6,0,2
BRDA:72,6,1,3
BRDA:105,7,0,0
BRDA:105,7,1,0
BRDA:128,8,0,1
BRDA:128,8,1,1
BRDA:139,9,0,10
BRDA:139,9,1,0
BRF:20
BRH:17
end_of_record
